<?xml version="1.0" encoding="UTF-8"?>
<coverage generated="1764472990108" clover="3.2.0">
  <project timestamp="1764472990108" name="All files">
    <metrics statements="200" coveredstatements="90" conditionals="97" coveredconditionals="39" methods="29" coveredmethods="12" elements="326" coveredelements="141" complexity="0" loc="200" ncloc="200" packages="1" files="3" classes="3"/>
    <file name="db.js" path="/Users/cynthiama/Documents/app_fbi/backend/db.js">
      <metrics statements="8" coveredstatements="0" conditionals="4" coveredconditionals="0" methods="1" coveredmethods="0"/>
      <line num="1" count="0" type="stmt"/>
      <line num="2" count="0" type="stmt"/>
      <line num="4" count="0" type="stmt"/>
      <line num="6" count="0" type="stmt"/>
      <line num="13" count="0" type="stmt"/>
      <line num="14" count="0" type="stmt"/>
      <line num="15" count="0" type="stmt"/>
      <line num="18" count="0" type="stmt"/>
    </file>
    <file name="email-config.js" path="/Users/cynthiama/Documents/app_fbi/backend/email-config.js">
      <metrics statements="25" coveredstatements="4" conditionals="11" coveredconditionals="1" methods="3" coveredmethods="0"/>
      <line num="1" count="1" type="stmt"/>
      <line num="4" count="1" type="cond" truecount="1" falsecount="1"/>
      <line num="5" count="0" type="stmt"/>
      <line num="14" count="1" type="stmt"/>
      <line num="15" count="0" type="stmt"/>
      <line num="17" count="0" type="cond" truecount="0" falsecount="4"/>
      <line num="18" count="0" type="stmt"/>
      <line num="19" count="0" type="stmt"/>
      <line num="20" count="0" type="stmt"/>
      <line num="21" count="0" type="stmt"/>
      <line num="22" count="0" type="stmt"/>
      <line num="25" count="0" type="stmt"/>
      <line num="60" count="0" type="stmt"/>
      <line num="79" count="0" type="stmt"/>
      <line num="88" count="0" type="stmt"/>
      <line num="89" count="0" type="stmt"/>
      <line num="90" count="0" type="stmt"/>
      <line num="93" count="0" type="stmt"/>
      <line num="98" count="0" type="stmt"/>
      <line num="99" count="0" type="cond" truecount="0" falsecount="3"/>
      <line num="101" count="0" type="stmt"/>
      <line num="103" count="0" type="stmt"/>
      <line num="104" count="0" type="stmt"/>
      <line num="109" count="0" type="stmt"/>
      <line num="113" count="1" type="stmt"/>
    </file>
    <file name="index.js" path="/Users/cynthiama/Documents/app_fbi/backend/index.js">
      <metrics statements="167" coveredstatements="86" conditionals="82" coveredconditionals="38" methods="25" coveredmethods="12"/>
      <line num="1" count="2" type="stmt"/>
      <line num="2" count="2" type="stmt"/>
      <line num="3" count="2" type="stmt"/>
      <line num="4" count="2" type="stmt"/>
      <line num="5" count="2" type="stmt"/>
      <line num="6" count="2" type="stmt"/>
      <line num="7" count="2" type="stmt"/>
      <line num="8" count="2" type="stmt"/>
      <line num="9" count="2" type="stmt"/>
      <line num="10" count="2" type="stmt"/>
      <line num="12" count="2" type="stmt"/>
      <line num="67" count="2" type="stmt"/>
      <line num="70" count="2" type="stmt"/>
      <line num="74" count="2" type="cond" truecount="2" falsecount="0"/>
      <line num="75" count="1" type="stmt"/>
      <line num="76" count="1" type="stmt"/>
      <line num="83" count="2" type="stmt"/>
      <line num="87" count="2" type="cond" truecount="2" falsecount="0"/>
      <line num="88" count="1" type="stmt"/>
      <line num="89" count="1" type="stmt"/>
      <line num="96" count="0" type="stmt"/>
      <line num="99" count="0" type="stmt"/>
      <line num="108" count="2" type="stmt"/>
      <line num="112" count="2" type="cond" truecount="2" falsecount="0"/>
      <line num="113" count="1" type="stmt"/>
      <line num="114" count="1" type="stmt"/>
      <line num="122" count="2" type="stmt"/>
      <line num="123" count="2" type="cond" truecount="2" falsecount="0"/>
      <line num="124" count="1" type="stmt"/>
      <line num="127" count="1" type="stmt"/>
      <line num="134" count="2" type="stmt"/>
      <line num="141" count="2" type="stmt"/>
      <line num="142" count="2" type="stmt"/>
      <line num="144" count="2" type="cond" truecount="4" falsecount="0"/>
      <line num="145" count="1" type="stmt"/>
      <line num="146" count="1" type="stmt"/>
      <line num="148" count="1" type="stmt"/>
      <line num="151" count="2" type="stmt"/>
      <line num="152" count="2" type="stmt"/>
      <line num="164" count="0" type="stmt"/>
      <line num="165" count="0" type="stmt"/>
      <line num="167" count="0" type="cond" truecount="0" falsecount="4"/>
      <line num="168" count="0" type="stmt"/>
      <line num="171" count="0" type="stmt"/>
      <line num="175" count="0" type="stmt"/>
      <line num="180" count="2" type="stmt"/>
      <line num="184" count="2" type="cond" truecount="1" falsecount="1"/>
      <line num="186" count="2" type="stmt"/>
      <line num="190" count="2" type="stmt"/>
      <line num="191" count="2" type="stmt"/>
      <line num="202" count="2" type="stmt"/>
      <line num="203" count="2" type="stmt"/>
      <line num="207" count="1" type="stmt"/>
      <line num="208" count="1" type="stmt"/>
      <line num="215" count="1" type="cond" truecount="3" falsecount="1"/>
      <line num="216" count="1" type="stmt"/>
      <line num="219" count="0" type="stmt"/>
      <line num="224" count="2" type="stmt"/>
      <line num="228" count="2" type="cond" truecount="2" falsecount="0"/>
      <line num="229" count="1" type="stmt"/>
      <line num="233" count="1" type="stmt"/>
      <line num="237" count="1" type="cond" truecount="1" falsecount="1"/>
      <line num="238" count="0" type="stmt"/>
      <line num="241" count="1" type="stmt"/>
      <line num="244" count="1" type="stmt"/>
      <line num="245" count="1" type="stmt"/>
      <line num="251" count="0" type="cond" truecount="0" falsecount="2"/>
      <line num="252" count="0" type="cond" truecount="0" falsecount="2"/>
      <line num="253" count="0" type="cond" truecount="0" falsecount="4"/>
      <line num="254" count="0" type="stmt"/>
      <line num="255" count="0" type="cond" truecount="0" falsecount="4"/>
      <line num="256" count="0" type="stmt"/>
      <line num="260" count="0" type="stmt"/>
      <line num="263" count="1" type="stmt"/>
      <line num="266" count="1" type="cond" truecount="1" falsecount="1"/>
      <line num="267" count="0" type="stmt"/>
      <line num="269" count="0" type="stmt"/>
      <line num="270" count="0" type="cond" truecount="0" falsecount="2"/>
      <line num="271" count="0" type="stmt"/>
      <line num="274" count="0" type="stmt"/>
      <line num="279" count="0" type="cond" truecount="0" falsecount="2"/>
      <line num="280" count="0" type="stmt"/>
      <line num="284" count="0" type="stmt"/>
      <line num="286" count="0" type="stmt"/>
      <line num="290" count="0" type="stmt"/>
      <line num="295" count="1" type="stmt"/>
      <line num="302" count="3" type="stmt"/>
      <line num="307" count="3" type="cond" truecount="2" falsecount="0"/>
      <line num="308" count="1" type="stmt"/>
      <line num="311" count="2" type="stmt"/>
      <line num="313" count="2" type="stmt"/>
      <line num="314" count="2" type="cond" truecount="2" falsecount="0"/>
      <line num="315" count="1" type="stmt"/>
      <line num="318" count="1" type="stmt"/>
      <line num="325" count="2" type="stmt"/>
      <line num="327" count="2" type="stmt"/>
      <line num="328" count="2" type="stmt"/>
      <line num="330" count="2" type="cond" truecount="3" falsecount="1"/>
      <line num="331" count="0" type="stmt"/>
      <line num="335" count="2" type="stmt"/>
      <line num="339" count="2" type="cond" truecount="2" falsecount="0"/>
      <line num="340" count="1" type="stmt"/>
      <line num="344" count="1" type="stmt"/>
      <line num="348" count="1" type="cond" truecount="1" falsecount="1"/>
      <line num="349" count="0" type="stmt"/>
      <line num="353" count="1" type="stmt"/>
      <line num="358" count="1" type="cond" truecount="1" falsecount="1"/>
      <line num="362" count="1" type="stmt"/>
      <line num="366" count="1" type="stmt"/>
      <line num="368" count="0" type="stmt"/>
      <line num="371" count="1" type="stmt"/>
      <line num="373" count="1" type="stmt"/>
      <line num="374" count="1" type="stmt"/>
      <line num="378" count="0" type="stmt"/>
      <line num="380" count="0" type="stmt"/>
      <line num="386" count="0" type="cond" truecount="0" falsecount="2"/>
      <line num="387" count="0" type="stmt"/>
      <line num="388" count="0" type="stmt"/>
      <line num="391" count="0" type="stmt"/>
      <line num="394" count="0" type="cond" truecount="0" falsecount="2"/>
      <line num="395" count="0" type="stmt"/>
      <line num="400" count="0" type="cond" truecount="0" falsecount="2"/>
      <line num="401" count="0" type="stmt"/>
      <line num="402" count="0" type="stmt"/>
      <line num="407" count="0" type="stmt"/>
      <line num="410" count="0" type="stmt"/>
      <line num="413" count="0" type="stmt"/>
      <line num="419" count="0" type="stmt"/>
      <line num="420" count="0" type="stmt"/>
      <line num="421" count="0" type="stmt"/>
      <line num="423" count="0" type="stmt"/>
      <line num="425" count="0" type="stmt"/>
      <line num="428" count="0" type="stmt"/>
      <line num="430" count="0" type="stmt"/>
      <line num="431" count="0" type="stmt"/>
      <line num="435" count="0" type="stmt"/>
      <line num="437" count="0" type="stmt"/>
      <line num="442" count="0" type="cond" truecount="0" falsecount="2"/>
      <line num="443" count="0" type="stmt"/>
      <line num="446" count="0" type="stmt"/>
      <line num="449" count="0" type="cond" truecount="0" falsecount="2"/>
      <line num="450" count="0" type="stmt"/>
      <line num="454" count="0" type="stmt"/>
      <line num="457" count="0" type="stmt"/>
      <line num="462" count="0" type="stmt"/>
      <line num="463" count="0" type="stmt"/>
      <line num="465" count="0" type="stmt"/>
      <line num="466" count="0" type="stmt"/>
      <line num="474" count="0" type="stmt"/>
      <line num="481" count="0" type="stmt"/>
      <line num="487" count="0" type="stmt"/>
      <line num="492" count="0" type="stmt"/>
      <line num="499" count="0" type="stmt"/>
      <line num="508" count="2" type="stmt"/>
      <line num="509" count="2" type="stmt"/>
      <line num="512" count="0" type="stmt"/>
      <line num="513" count="0" type="stmt"/>
      <line num="515" count="0" type="stmt"/>
      <line num="521" count="0" type="stmt"/>
      <line num="523" count="0" type="stmt"/>
      <line num="533" count="0" type="cond" truecount="0" falsecount="2"/>
      <line num="534" count="0" type="stmt"/>
      <line num="535" count="0" type="stmt"/>
      <line num="539" count="2" type="cond" truecount="1" falsecount="1"/>
      <line num="540" count="0" type="stmt"/>
      <line num="541" count="0" type="stmt"/>
      <line num="542" count="0" type="stmt"/>
    </file>
  </project>
</coverage>
