{"/Users/cynthiama/Documents/app_fbi/backend/db.js": {"path":"/Users/cynthiama/Documents/app_fbi/backend/db.js","statementMap":{"0":{"start":{"line":1,"column":0},"end":{"line":1,"column":27}},"1":{"start":{"line":2,"column":17},"end":{"line":2,"column":30}},"2":{"start":{"line":4,"column":21},"end":{"line":4,"column":58}},"3":{"start":{"line":6,"column":13},"end":{"line":11,"column":2}},"4":{"start":{"line":13,"column":0},"end":{"line":16,"column":3}},"5":{"start":{"line":14,"column":2},"end":{"line":14,"column":44}},"6":{"start":{"line":15,"column":2},"end":{"line":15,"column":18}},"7":{"start":{"line":18,"column":0},"end":{"line":18,"column":26}}},"fnMap":{"0":{"name":"(anonymous_0)","decl":{"start":{"line":13,"column":17},"end":{"line":13,"column":18}},"loc":{"start":{"line":13,"column":26},"end":{"line":16,"column":1}},"line":13}},"branchMap":{"0":{"loc":{"start":{"line":7,"column":20},"end":{"line":9,"column":38}},"type":"cond-expr","locations":[{"start":{"line":8,"column":6},"end":{"line":8,"column":30}},{"start":{"line":9,"column":6},"end":{"line":9,"column":38}}],"line":7},"1":{"loc":{"start":{"line":10,"column":7},"end":{"line":10,"column":59}},"type":"cond-expr","locations":[{"start":{"line":10,"column":22},"end":{"line":10,"column":51}},{"start":{"line":10,"column":54},"end":{"line":10,"column":59}}],"line":10}},"s":{"0":0,"1":0,"2":0,"3":0,"4":0,"5":0,"6":0,"7":0},"f":{"0":0},"b":{"0":[0,0],"1":[0,0]}}
,"/Users/cynthiama/Documents/app_fbi/backend/email-config.js": {"path":"/Users/cynthiama/Documents/app_fbi/backend/email-config.js","statementMap":{"0":{"start":{"line":1,"column":15},"end":{"line":1,"column":40}},"1":{"start":{"line":4,"column":0},"end":{"line":6,"column":1}},"2":{"start":{"line":5,"column":2},"end":{"line":5,"column":49}},"3":{"start":{"line":14,"column":31},"end":{"line":111,"column":1}},"4":{"start":{"line":15,"column":2},"end":{"line":110,"column":3}},"5":{"start":{"line":17,"column":4},"end":{"line":23,"column":5}},"6":{"start":{"line":18,"column":6},"end":{"line":18,"column":66}},"7":{"start":{"line":19,"column":6},"end":{"line":19,"column":32}},"8":{"start":{"line":20,"column":6},"end":{"line":20,"column":44}},"9":{"start":{"line":21,"column":6},"end":{"line":21,"column":65}},"10":{"start":{"line":22,"column":6},"end":{"line":22,"column":18}},"11":{"start":{"line":25,"column":24},"end":{"line":58,"column":5}},"12":{"start":{"line":60,"column":24},"end":{"line":77,"column":5}},"13":{"start":{"line":79,"column":16},"end":{"line":85,"column":5}},"14":{"start":{"line":88,"column":25},"end":{"line":88,"column":41}},"15":{"start":{"line":89,"column":27},"end":{"line":91,"column":5}},"16":{"start":{"line":90,"column":6},"end":{"line":90,"column":90}},"17":{"start":{"line":90,"column":23},"end":{"line":90,"column":82}},"18":{"start":{"line":93,"column":23},"end":{"line":96,"column":6}},"19":{"start":{"line":98,"column":4},"end":{"line":98,"column":71}},"20":{"start":{"line":99,"column":4},"end":{"line":99,"column":88}},"21":{"start":{"line":101,"column":4},"end":{"line":101,"column":16}},"22":{"start":{"line":103,"column":4},"end":{"line":103,"column":64}},"23":{"start":{"line":104,"column":4},"end":{"line":108,"column":7}},"24":{"start":{"line":109,"column":4},"end":{"line":109,"column":62}},"25":{"start":{"line":113,"column":0},"end":{"line":115,"column":2}}},"fnMap":{"0":{"name":"(anonymous_0)","decl":{"start":{"line":14,"column":31},"end":{"line":14,"column":32}},"loc":{"start":{"line":14,"column":59},"end":{"line":111,"column":1}},"line":14},"1":{"name":"(anonymous_1)","decl":{"start":{"line":89,"column":39},"end":{"line":89,"column":40}},"loc":{"start":{"line":90,"column":6},"end":{"line":90,"column":90}},"line":90},"2":{"name":"(anonymous_2)","decl":{"start":{"line":90,"column":17},"end":{"line":90,"column":18}},"loc":{"start":{"line":90,"column":23},"end":{"line":90,"column":82}},"line":90}},"branchMap":{"0":{"loc":{"start":{"line":4,"column":0},"end":{"line":6,"column":1}},"type":"if","locations":[{"start":{"line":4,"column":0},"end":{"line":6,"column":1}},{"start":{},"end":{}}],"line":4},"1":{"loc":{"start":{"line":17,"column":4},"end":{"line":23,"column":5}},"type":"if","locations":[{"start":{"line":17,"column":4},"end":{"line":23,"column":5}},{"start":{},"end":{}}],"line":17},"2":{"loc":{"start":{"line":17,"column":8},"end":{"line":17,"column":79}},"type":"binary-expr","locations":[{"start":{"line":17,"column":8},"end":{"line":17,"column":46}},{"start":{"line":17,"column":50},"end":{"line":17,"column":79}}],"line":17},"3":{"loc":{"start":{"line":81,"column":12},"end":{"line":81,"column":58}},"type":"binary-expr","locations":[{"start":{"line":81,"column":12},"end":{"line":81,"column":34}},{"start":{"line":81,"column":38},"end":{"line":81,"column":58}}],"line":81},"4":{"loc":{"start":{"line":99,"column":36},"end":{"line":99,"column":86}},"type":"binary-expr","locations":[{"start":{"line":99,"column":36},"end":{"line":99,"column":56}},{"start":{"line":99,"column":60},"end":{"line":99,"column":76}},{"start":{"line":99,"column":80},"end":{"line":99,"column":86}}],"line":99}},"s":{"0":1,"1":1,"2":0,"3":1,"4":0,"5":0,"6":0,"7":0,"8":0,"9":0,"10":0,"11":0,"12":0,"13":0,"14":0,"15":0,"16":0,"17":0,"18":0,"19":0,"20":0,"21":0,"22":0,"23":0,"24":0,"25":1},"f":{"0":0,"1":0,"2":0},"b":{"0":[0,1],"1":[0,0],"2":[0,0],"3":[0,0],"4":[0,0,0]},"_coverageSchema":"1a1c01bbd47fc00a2c39e90264f33305004495a9","hash":"ea4edaf1d393898aa7607d1385250d659ab4a989"}
,"/Users/cynthiama/Documents/app_fbi/backend/index.js": {"path":"/Users/cynthiama/Documents/app_fbi/backend/index.js","statementMap":{"0":{"start":{"line":1,"column":25},"end":{"line":1,"column":50}},"1":{"start":{"line":2,"column":30},"end":{"line":2,"column":64}},"2":{"start":{"line":3,"column":46},"end":{"line":3,"column":94}},"3":{"start":{"line":4,"column":16},"end":{"line":4,"column":34}},"4":{"start":{"line":5,"column":13},"end":{"line":5,"column":28}},"5":{"start":{"line":6,"column":13},"end":{"line":6,"column":28}},"6":{"start":{"line":7,"column":17},"end":{"line":7,"column":32}},"7":{"start":{"line":8,"column":15},"end":{"line":8,"column":34}},"8":{"start":{"line":9,"column":15},"end":{"line":9,"column":32}},"9":{"start":{"line":10,"column":35},"end":{"line":10,"column":60}},"10":{"start":{"line":12,"column":17},"end":{"line":64,"column":1}},"11":{"start":{"line":67,"column":18},"end":{"line":505,"column":1}},"12":{"start":{"line":70,"column":21},"end":{"line":73,"column":7}},"13":{"start":{"line":74,"column":6},"end":{"line":74,"column":48}},"14":{"start":{"line":74,"column":36},"end":{"line":74,"column":48}},"15":{"start":{"line":75,"column":20},"end":{"line":75,"column":34}},"16":{"start":{"line":76,"column":6},"end":{"line":80,"column":8}},"17":{"start":{"line":83,"column":21},"end":{"line":86,"column":7}},"18":{"start":{"line":87,"column":6},"end":{"line":87,"column":48}},"19":{"start":{"line":87,"column":36},"end":{"line":87,"column":48}},"20":{"start":{"line":88,"column":20},"end":{"line":88,"column":34}},"21":{"start":{"line":89,"column":6},"end":{"line":93,"column":8}},"22":{"start":{"line":96,"column":21},"end":{"line":98,"column":7}},"23":{"start":{"line":99,"column":6},"end":{"line":105,"column":10}},"24":{"start":{"line":99,"column":38},"end":{"line":105,"column":7}},"25":{"start":{"line":108,"column":21},"end":{"line":111,"column":7}},"26":{"start":{"line":112,"column":6},"end":{"line":112,"column":48}},"27":{"start":{"line":112,"column":36},"end":{"line":112,"column":48}},"28":{"start":{"line":113,"column":21},"end":{"line":113,"column":35}},"29":{"start":{"line":114,"column":6},"end":{"line":118,"column":8}},"30":{"start":{"line":122,"column":26},"end":{"line":122,"column":48}},"31":{"start":{"line":123,"column":6},"end":{"line":125,"column":7}},"32":{"start":{"line":124,"column":8},"end":{"line":124,"column":18}},"33":{"start":{"line":127,"column":21},"end":{"line":132,"column":23}},"34":{"start":{"line":134,"column":6},"end":{"line":138,"column":10}},"35":{"start":{"line":134,"column":39},"end":{"line":138,"column":7}},"36":{"start":{"line":141,"column":18},"end":{"line":141,"column":150}},"37":{"start":{"line":142,"column":19},"end":{"line":142,"column":28}},"38":{"start":{"line":144,"column":6},"end":{"line":149,"column":7}},"39":{"start":{"line":145,"column":8},"end":{"line":145,"column":82}},"40":{"start":{"line":146,"column":8},"end":{"line":146,"column":40}},"41":{"start":{"line":148,"column":8},"end":{"line":148,"column":47}},"42":{"start":{"line":151,"column":21},"end":{"line":151,"column":52}},"43":{"start":{"line":152,"column":6},"end":{"line":160,"column":10}},"44":{"start":{"line":152,"column":37},"end":{"line":160,"column":7}},"45":{"start":{"line":164,"column":26},"end":{"line":164,"column":48}},"46":{"start":{"line":165,"column":25},"end":{"line":165,"column":46}},"47":{"start":{"line":167,"column":6},"end":{"line":169,"column":7}},"48":{"start":{"line":168,"column":8},"end":{"line":168,"column":21}},"49":{"start":{"line":171,"column":21},"end":{"line":174,"column":7}},"50":{"start":{"line":175,"column":6},"end":{"line":175,"column":36}},"51":{"start":{"line":180,"column":29},"end":{"line":183,"column":7}},"52":{"start":{"line":184,"column":28},"end":{"line":184,"column":74}},"53":{"start":{"line":186,"column":21},"end":{"line":189,"column":7}},"54":{"start":{"line":190,"column":18},"end":{"line":190,"column":32}},"55":{"start":{"line":191,"column":6},"end":{"line":199,"column":8}},"56":{"start":{"line":202,"column":6},"end":{"line":220,"column":7}},"57":{"start":{"line":203,"column":23},"end":{"line":206,"column":9}},"58":{"start":{"line":207,"column":22},"end":{"line":207,"column":36}},"59":{"start":{"line":208,"column":8},"end":{"line":212,"column":10}},"60":{"start":{"line":215,"column":8},"end":{"line":217,"column":9}},"61":{"start":{"line":216,"column":10},"end":{"line":216,"column":99}},"62":{"start":{"line":219,"column":8},"end":{"line":219,"column":20}},"63":{"start":{"line":224,"column":28},"end":{"line":227,"column":7}},"64":{"start":{"line":228,"column":6},"end":{"line":230,"column":7}},"65":{"start":{"line":229,"column":8},"end":{"line":229,"column":50}},"66":{"start":{"line":233,"column":25},"end":{"line":236,"column":7}},"67":{"start":{"line":237,"column":6},"end":{"line":239,"column":7}},"68":{"start":{"line":238,"column":8},"end":{"line":238,"column":60}},"69":{"start":{"line":241,"column":29},"end":{"line":241,"column":60}},"70":{"start":{"line":244,"column":6},"end":{"line":261,"column":7}},"71":{"start":{"line":245,"column":8},"end":{"line":248,"column":10}},"72":{"start":{"line":251,"column":8},"end":{"line":258,"column":9}},"73":{"start":{"line":252,"column":29},"end":{"line":252,"column":53}},"74":{"start":{"line":253,"column":10},"end":{"line":257,"column":11}},"75":{"start":{"line":254,"column":12},"end":{"line":254,"column":54}},"76":{"start":{"line":255,"column":17},"end":{"line":257,"column":11}},"77":{"start":{"line":256,"column":12},"end":{"line":256,"column":64}},"78":{"start":{"line":260,"column":8},"end":{"line":260,"column":22}},"79":{"start":{"line":263,"column":21},"end":{"line":263,"column":35}},"80":{"start":{"line":266,"column":6},"end":{"line":293,"column":7}},"81":{"start":{"line":267,"column":8},"end":{"line":292,"column":9}},"82":{"start":{"line":269,"column":29},"end":{"line":269,"column":50}},"83":{"start":{"line":270,"column":10},"end":{"line":288,"column":11}},"84":{"start":{"line":271,"column":12},"end":{"line":271,"column":66}},"85":{"start":{"line":274,"column":33},"end":{"line":277,"column":13}},"86":{"start":{"line":279,"column":12},"end":{"line":287,"column":13}},"87":{"start":{"line":280,"column":14},"end":{"line":283,"column":16}},"88":{"start":{"line":284,"column":14},"end":{"line":284,"column":93}},"89":{"start":{"line":286,"column":14},"end":{"line":286,"column":108}},"90":{"start":{"line":290,"column":10},"end":{"line":290,"column":71}},"91":{"start":{"line":295,"column":6},"end":{"line":299,"column":8}},"92":{"start":{"line":302,"column":21},"end":{"line":305,"column":7}},"93":{"start":{"line":307,"column":6},"end":{"line":309,"column":7}},"94":{"start":{"line":308,"column":8},"end":{"line":308,"column":95}},"95":{"start":{"line":311,"column":21},"end":{"line":311,"column":35}},"96":{"start":{"line":313,"column":30},"end":{"line":313,"column":84}},"97":{"start":{"line":314,"column":6},"end":{"line":316,"column":7}},"98":{"start":{"line":315,"column":8},"end":{"line":315,"column":65}},"99":{"start":{"line":318,"column":6},"end":{"line":322,"column":8}},"100":{"start":{"line":325,"column":6},"end":{"line":375,"column":7}},"101":{"start":{"line":327,"column":28},"end":{"line":327,"column":50}},"102":{"start":{"line":328,"column":27},"end":{"line":328,"column":48}},"103":{"start":{"line":330,"column":8},"end":{"line":332,"column":9}},"104":{"start":{"line":331,"column":10},"end":{"line":331,"column":56}},"105":{"start":{"line":335,"column":28},"end":{"line":338,"column":9}},"106":{"start":{"line":339,"column":8},"end":{"line":341,"column":9}},"107":{"start":{"line":340,"column":10},"end":{"line":340,"column":54}},"108":{"start":{"line":344,"column":27},"end":{"line":347,"column":9}},"109":{"start":{"line":348,"column":8},"end":{"line":350,"column":9}},"110":{"start":{"line":349,"column":10},"end":{"line":349,"column":53}},"111":{"start":{"line":353,"column":29},"end":{"line":356,"column":9}},"112":{"start":{"line":358,"column":8},"end":{"line":369,"column":9}},"113":{"start":{"line":362,"column":10},"end":{"line":365,"column":12}},"114":{"start":{"line":366,"column":10},"end":{"line":366,"column":79}},"115":{"start":{"line":368,"column":10},"end":{"line":368,"column":99}},"116":{"start":{"line":371,"column":8},"end":{"line":371,"column":20}},"117":{"start":{"line":373,"column":8},"end":{"line":373,"column":64}},"118":{"start":{"line":374,"column":8},"end":{"line":374,"column":20}},"119":{"start":{"line":378,"column":6},"end":{"line":432,"column":7}},"120":{"start":{"line":380,"column":23},"end":{"line":383,"column":9}},"121":{"start":{"line":386,"column":8},"end":{"line":389,"column":9}},"122":{"start":{"line":387,"column":10},"end":{"line":387,"column":81}},"123":{"start":{"line":388,"column":10},"end":{"line":388,"column":120}},"124":{"start":{"line":391,"column":23},"end":{"line":391,"column":37}},"125":{"start":{"line":394,"column":8},"end":{"line":404,"column":9}},"126":{"start":{"line":395,"column":28},"end":{"line":398,"column":11}},"127":{"start":{"line":400,"column":10},"end":{"line":403,"column":11}},"128":{"start":{"line":401,"column":12},"end":{"line":401,"column":118}},"129":{"start":{"line":402,"column":12},"end":{"line":402,"column":79}},"130":{"start":{"line":407,"column":26},"end":{"line":407,"column":80}},"131":{"start":{"line":410,"column":27},"end":{"line":410,"column":64}},"132":{"start":{"line":413,"column":8},"end":{"line":416,"column":10}},"133":{"start":{"line":419,"column":8},"end":{"line":426,"column":9}},"134":{"start":{"line":420,"column":10},"end":{"line":420,"column":57}},"135":{"start":{"line":421,"column":10},"end":{"line":421,"column":61}},"136":{"start":{"line":423,"column":10},"end":{"line":423,"column":61}},"137":{"start":{"line":425,"column":10},"end":{"line":425,"column":122}},"138":{"start":{"line":428,"column":8},"end":{"line":428,"column":20}},"139":{"start":{"line":430,"column":8},"end":{"line":430,"column":65}},"140":{"start":{"line":431,"column":8},"end":{"line":431,"column":20}},"141":{"start":{"line":435,"column":6},"end":{"line":467,"column":7}},"142":{"start":{"line":437,"column":23},"end":{"line":440,"column":9}},"143":{"start":{"line":442,"column":8},"end":{"line":444,"column":9}},"144":{"start":{"line":443,"column":10},"end":{"line":443,"column":60}},"145":{"start":{"line":446,"column":23},"end":{"line":446,"column":37}},"146":{"start":{"line":449,"column":8},"end":{"line":451,"column":9}},"147":{"start":{"line":450,"column":10},"end":{"line":450,"column":91}},"148":{"start":{"line":454,"column":31},"end":{"line":454,"column":65}},"149":{"start":{"line":457,"column":8},"end":{"line":460,"column":10}},"150":{"start":{"line":462,"column":8},"end":{"line":462,"column":75}},"151":{"start":{"line":463,"column":8},"end":{"line":463,"column":20}},"152":{"start":{"line":465,"column":8},"end":{"line":465,"column":58}},"153":{"start":{"line":466,"column":8},"end":{"line":466,"column":20}},"154":{"start":{"line":474,"column":21},"end":{"line":479,"column":21}},"155":{"start":{"line":481,"column":6},"end":{"line":485,"column":10}},"156":{"start":{"line":481,"column":39},"end":{"line":485,"column":7}},"157":{"start":{"line":487,"column":23},"end":{"line":487,"column":35}},"158":{"start":{"line":492,"column":21},"end":{"line":497,"column":20}},"159":{"start":{"line":499,"column":6},"end":{"line":502,"column":10}},"160":{"start":{"line":499,"column":40},"end":{"line":502,"column":7}},"161":{"start":{"line":508,"column":0},"end":{"line":508,"column":37}},"162":{"start":{"line":509,"column":0},"end":{"line":509,"column":35}},"163":{"start":{"line":512,"column":14},"end":{"line":512,"column":23}},"164":{"start":{"line":513,"column":21},"end":{"line":513,"column":43}},"165":{"start":{"line":515,"column":17},"end":{"line":519,"column":4}},"166":{"start":{"line":521,"column":2},"end":{"line":521,"column":23}},"167":{"start":{"line":523,"column":2},"end":{"line":531,"column":4}},"168":{"start":{"line":533,"column":15},"end":{"line":533,"column":39}},"169":{"start":{"line":534,"column":2},"end":{"line":534,"column":88}},"170":{"start":{"line":534,"column":33},"end":{"line":534,"column":86}},"171":{"start":{"line":535,"column":2},"end":{"line":535,"column":67}},"172":{"start":{"line":539,"column":0},"end":{"line":544,"column":1}},"173":{"start":{"line":540,"column":2},"end":{"line":543,"column":5}},"174":{"start":{"line":541,"column":4},"end":{"line":541,"column":54}},"175":{"start":{"line":542,"column":4},"end":{"line":542,"column":20}}},"fnMap":{"0":{"name":"(anonymous_0)","decl":{"start":{"line":69,"column":18},"end":{"line":69,"column":19}},"loc":{"start":{"line":69,"column":39},"end":{"line":81,"column":5}},"line":69},"1":{"name":"(anonymous_1)","decl":{"start":{"line":82,"column":21},"end":{"line":82,"column":22}},"loc":{"start":{"line":82,"column":48},"end":{"line":94,"column":5}},"line":82},"2":{"name":"(anonymous_2)","decl":{"start":{"line":95,"column":22},"end":{"line":95,"column":23}},"loc":{"start":{"line":95,"column":34},"end":{"line":106,"column":5}},"line":95},"3":{"name":"(anonymous_3)","decl":{"start":{"line":99,"column":29},"end":{"line":99,"column":30}},"loc":{"start":{"line":99,"column":38},"end":{"line":105,"column":7}},"line":99},"4":{"name":"(anonymous_4)","decl":{"start":{"line":107,"column":19},"end":{"line":107,"column":20}},"loc":{"start":{"line":107,"column":40},"end":{"line":119,"column":5}},"line":107},"5":{"name":"(anonymous_5)","decl":{"start":{"line":120,"column":20},"end":{"line":120,"column":21}},"loc":{"start":{"line":120,"column":47},"end":{"line":139,"column":5}},"line":120},"6":{"name":"(anonymous_6)","decl":{"start":{"line":134,"column":29},"end":{"line":134,"column":30}},"loc":{"start":{"line":134,"column":39},"end":{"line":138,"column":7}},"line":134},"7":{"name":"(anonymous_7)","decl":{"start":{"line":140,"column":15},"end":{"line":140,"column":16}},"loc":{"start":{"line":140,"column":61},"end":{"line":161,"column":5}},"line":140},"8":{"name":"(anonymous_8)","decl":{"start":{"line":152,"column":29},"end":{"line":152,"column":30}},"loc":{"start":{"line":152,"column":37},"end":{"line":160,"column":7}},"line":152},"9":{"name":"(anonymous_9)","decl":{"start":{"line":162,"column":27},"end":{"line":162,"column":28}},"loc":{"start":{"line":162,"column":63},"end":{"line":176,"column":5}},"line":162},"10":{"name":"(anonymous_10)","decl":{"start":{"line":179,"column":16},"end":{"line":179,"column":17}},"loc":{"start":{"line":179,"column":77},"end":{"line":200,"column":5}},"line":179},"11":{"name":"(anonymous_11)","decl":{"start":{"line":201,"column":17},"end":{"line":201,"column":18}},"loc":{"start":{"line":201,"column":49},"end":{"line":221,"column":5}},"line":201},"12":{"name":"(anonymous_12)","decl":{"start":{"line":222,"column":18},"end":{"line":222,"column":19}},"loc":{"start":{"line":222,"column":71},"end":{"line":300,"column":5}},"line":222},"13":{"name":"(anonymous_13)","decl":{"start":{"line":301,"column":17},"end":{"line":301,"column":18}},"loc":{"start":{"line":301,"column":54},"end":{"line":323,"column":5}},"line":301},"14":{"name":"(anonymous_14)","decl":{"start":{"line":324,"column":21},"end":{"line":324,"column":22}},"loc":{"start":{"line":324,"column":57},"end":{"line":376,"column":5}},"line":324},"15":{"name":"(anonymous_15)","decl":{"start":{"line":377,"column":26},"end":{"line":377,"column":27}},"loc":{"start":{"line":377,"column":59},"end":{"line":433,"column":5}},"line":377},"16":{"name":"(anonymous_16)","decl":{"start":{"line":434,"column":19},"end":{"line":434,"column":20}},"loc":{"start":{"line":434,"column":56},"end":{"line":468,"column":5}},"line":434},"17":{"name":"(anonymous_17)","decl":{"start":{"line":473,"column":14},"end":{"line":473,"column":15}},"loc":{"start":{"line":473,"column":32},"end":{"line":486,"column":5}},"line":473},"18":{"name":"(anonymous_18)","decl":{"start":{"line":481,"column":29},"end":{"line":481,"column":30}},"loc":{"start":{"line":481,"column":39},"end":{"line":485,"column":7}},"line":481},"19":{"name":"(anonymous_19)","decl":{"start":{"line":487,"column":11},"end":{"line":487,"column":12}},"loc":{"start":{"line":487,"column":23},"end":{"line":487,"column":35}},"line":487},"20":{"name":"(anonymous_20)","decl":{"start":{"line":491,"column":13},"end":{"line":491,"column":14}},"loc":{"start":{"line":491,"column":30},"end":{"line":503,"column":5}},"line":491},"21":{"name":"(anonymous_21)","decl":{"start":{"line":499,"column":29},"end":{"line":499,"column":30}},"loc":{"start":{"line":499,"column":40},"end":{"line":502,"column":7}},"line":499},"22":{"name":"startServer","decl":{"start":{"line":511,"column":15},"end":{"line":511,"column":26}},"loc":{"start":{"line":511,"column":29},"end":{"line":536,"column":1}},"line":511},"23":{"name":"(anonymous_23)","decl":{"start":{"line":534,"column":20},"end":{"line":534,"column":21}},"loc":{"start":{"line":534,"column":33},"end":{"line":534,"column":86}},"line":534},"24":{"name":"(anonymous_24)","decl":{"start":{"line":540,"column":22},"end":{"line":540,"column":23}},"loc":{"start":{"line":540,"column":33},"end":{"line":543,"column":3}},"line":540}},"branchMap":{"0":{"loc":{"start":{"line":74,"column":6},"end":{"line":74,"column":48}},"type":"if","locations":[{"start":{"line":74,"column":6},"end":{"line":74,"column":48}},{"start":{},"end":{}}],"line":74},"1":{"loc":{"start":{"line":87,"column":6},"end":{"line":87,"column":48}},"type":"if","locations":[{"start":{"line":87,"column":6},"end":{"line":87,"column":48}},{"start":{},"end":{}}],"line":87},"2":{"loc":{"start":{"line":102,"column":15},"end":{"line":102,"column":97}},"type":"cond-expr","locations":[{"start":{"line":102,"column":38},"end":{"line":102,"column":90}},{"start":{"line":102,"column":93},"end":{"line":102,"column":97}}],"line":102},"3":{"loc":{"start":{"line":104,"column":15},"end":{"line":104,"column":87}},"type":"cond-expr","locations":[{"start":{"line":104,"column":33},"end":{"line":104,"column":80}},{"start":{"line":104,"column":83},"end":{"line":104,"column":87}}],"line":104},"4":{"loc":{"start":{"line":112,"column":6},"end":{"line":112,"column":48}},"type":"if","locations":[{"start":{"line":112,"column":6},"end":{"line":112,"column":48}},{"start":{},"end":{}}],"line":112},"5":{"loc":{"start":{"line":123,"column":6},"end":{"line":125,"column":7}},"type":"if","locations":[{"start":{"line":123,"column":6},"end":{"line":125,"column":7}},{"start":{},"end":{}}],"line":123},"6":{"loc":{"start":{"line":144,"column":6},"end":{"line":149,"column":7}},"type":"if","locations":[{"start":{"line":144,"column":6},"end":{"line":149,"column":7}},{"start":{"line":147,"column":13},"end":{"line":149,"column":7}}],"line":144},"7":{"loc":{"start":{"line":144,"column":10},"end":{"line":144,"column":30}},"type":"binary-expr","locations":[{"start":{"line":144,"column":10},"end":{"line":144,"column":19}},{"start":{"line":144,"column":23},"end":{"line":144,"column":30}}],"line":144},"8":{"loc":{"start":{"line":159,"column":23},"end":{"line":159,"column":46}},"type":"binary-expr","locations":[{"start":{"line":159,"column":23},"end":{"line":159,"column":40}},{"start":{"line":159,"column":44},"end":{"line":159,"column":46}}],"line":159},"9":{"loc":{"start":{"line":167,"column":6},"end":{"line":169,"column":7}},"type":"if","locations":[{"start":{"line":167,"column":6},"end":{"line":169,"column":7}},{"start":{},"end":{}}],"line":167},"10":{"loc":{"start":{"line":167,"column":10},"end":{"line":167,"column":49}},"type":"binary-expr","locations":[{"start":{"line":167,"column":10},"end":{"line":167,"column":28}},{"start":{"line":167,"column":32},"end":{"line":167,"column":49}}],"line":167},"11":{"loc":{"start":{"line":184,"column":28},"end":{"line":184,"column":74}},"type":"binary-expr","locations":[{"start":{"line":184,"column":28},"end":{"line":184,"column":66}},{"start":{"line":184,"column":70},"end":{"line":184,"column":74}}],"line":184},"12":{"loc":{"start":{"line":188,"column":53},"end":{"line":188,"column":74}},"type":"binary-expr","locations":[{"start":{"line":188,"column":53},"end":{"line":188,"column":66}},{"start":{"line":188,"column":70},"end":{"line":188,"column":74}}],"line":188},"13":{"loc":{"start":{"line":198,"column":23},"end":{"line":198,"column":42}},"type":"binary-expr","locations":[{"start":{"line":198,"column":23},"end":{"line":198,"column":36}},{"start":{"line":198,"column":40},"end":{"line":198,"column":42}}],"line":198},"14":{"loc":{"start":{"line":215,"column":8},"end":{"line":217,"column":9}},"type":"if","locations":[{"start":{"line":215,"column":8},"end":{"line":217,"column":9}},{"start":{},"end":{}}],"line":215},"15":{"loc":{"start":{"line":215,"column":12},"end":{"line":215,"column":88}},"type":"binary-expr","locations":[{"start":{"line":215,"column":12},"end":{"line":215,"column":34}},{"start":{"line":215,"column":38},"end":{"line":215,"column":88}}],"line":215},"16":{"loc":{"start":{"line":228,"column":6},"end":{"line":230,"column":7}},"type":"if","locations":[{"start":{"line":228,"column":6},"end":{"line":230,"column":7}},{"start":{},"end":{}}],"line":228},"17":{"loc":{"start":{"line":237,"column":6},"end":{"line":239,"column":7}},"type":"if","locations":[{"start":{"line":237,"column":6},"end":{"line":239,"column":7}},{"start":{},"end":{}}],"line":237},"18":{"loc":{"start":{"line":251,"column":8},"end":{"line":258,"column":9}},"type":"if","locations":[{"start":{"line":251,"column":8},"end":{"line":258,"column":9}},{"start":{},"end":{}}],"line":251},"19":{"loc":{"start":{"line":252,"column":29},"end":{"line":252,"column":53}},"type":"binary-expr","locations":[{"start":{"line":252,"column":29},"end":{"line":252,"column":47}},{"start":{"line":252,"column":51},"end":{"line":252,"column":53}}],"line":252},"20":{"loc":{"start":{"line":253,"column":10},"end":{"line":257,"column":11}},"type":"if","locations":[{"start":{"line":253,"column":10},"end":{"line":257,"column":11}},{"start":{"line":255,"column":17},"end":{"line":257,"column":11}}],"line":253},"21":{"loc":{"start":{"line":253,"column":14},"end":{"line":253,"column":99}},"type":"binary-expr","locations":[{"start":{"line":253,"column":14},"end":{"line":253,"column":52}},{"start":{"line":253,"column":56},"end":{"line":253,"column":99}}],"line":253},"22":{"loc":{"start":{"line":255,"column":17},"end":{"line":257,"column":11}},"type":"if","locations":[{"start":{"line":255,"column":17},"end":{"line":257,"column":11}},{"start":{},"end":{}}],"line":255},"23":{"loc":{"start":{"line":255,"column":21},"end":{"line":255,"column":100}},"type":"binary-expr","locations":[{"start":{"line":255,"column":21},"end":{"line":255,"column":56}},{"start":{"line":255,"column":60},"end":{"line":255,"column":100}}],"line":255},"24":{"loc":{"start":{"line":266,"column":6},"end":{"line":293,"column":7}},"type":"if","locations":[{"start":{"line":266,"column":6},"end":{"line":293,"column":7}},{"start":{},"end":{}}],"line":266},"25":{"loc":{"start":{"line":270,"column":10},"end":{"line":288,"column":11}},"type":"if","locations":[{"start":{"line":270,"column":10},"end":{"line":288,"column":11}},{"start":{"line":272,"column":17},"end":{"line":288,"column":11}}],"line":270},"26":{"loc":{"start":{"line":279,"column":12},"end":{"line":287,"column":13}},"type":"if","locations":[{"start":{"line":279,"column":12},"end":{"line":287,"column":13}},{"start":{"line":285,"column":19},"end":{"line":287,"column":13}}],"line":279},"27":{"loc":{"start":{"line":307,"column":6},"end":{"line":309,"column":7}},"type":"if","locations":[{"start":{"line":307,"column":6},"end":{"line":309,"column":7}},{"start":{},"end":{}}],"line":307},"28":{"loc":{"start":{"line":314,"column":6},"end":{"line":316,"column":7}},"type":"if","locations":[{"start":{"line":314,"column":6},"end":{"line":316,"column":7}},{"start":{},"end":{}}],"line":314},"29":{"loc":{"start":{"line":330,"column":8},"end":{"line":332,"column":9}},"type":"if","locations":[{"start":{"line":330,"column":8},"end":{"line":332,"column":9}},{"start":{},"end":{}}],"line":330},"30":{"loc":{"start":{"line":330,"column":12},"end":{"line":330,"column":51}},"type":"binary-expr","locations":[{"start":{"line":330,"column":12},"end":{"line":330,"column":30}},{"start":{"line":330,"column":34},"end":{"line":330,"column":51}}],"line":330},"31":{"loc":{"start":{"line":339,"column":8},"end":{"line":341,"column":9}},"type":"if","locations":[{"start":{"line":339,"column":8},"end":{"line":341,"column":9}},{"start":{},"end":{}}],"line":339},"32":{"loc":{"start":{"line":348,"column":8},"end":{"line":350,"column":9}},"type":"if","locations":[{"start":{"line":348,"column":8},"end":{"line":350,"column":9}},{"start":{},"end":{}}],"line":348},"33":{"loc":{"start":{"line":358,"column":8},"end":{"line":369,"column":9}},"type":"if","locations":[{"start":{"line":358,"column":8},"end":{"line":369,"column":9}},{"start":{"line":367,"column":15},"end":{"line":369,"column":9}}],"line":358},"34":{"loc":{"start":{"line":386,"column":8},"end":{"line":389,"column":9}},"type":"if","locations":[{"start":{"line":386,"column":8},"end":{"line":389,"column":9}},{"start":{},"end":{}}],"line":386},"35":{"loc":{"start":{"line":394,"column":8},"end":{"line":404,"column":9}},"type":"if","locations":[{"start":{"line":394,"column":8},"end":{"line":404,"column":9}},{"start":{},"end":{}}],"line":394},"36":{"loc":{"start":{"line":400,"column":10},"end":{"line":403,"column":11}},"type":"if","locations":[{"start":{"line":400,"column":10},"end":{"line":403,"column":11}},{"start":{},"end":{}}],"line":400},"37":{"loc":{"start":{"line":442,"column":8},"end":{"line":444,"column":9}},"type":"if","locations":[{"start":{"line":442,"column":8},"end":{"line":444,"column":9}},{"start":{},"end":{}}],"line":442},"38":{"loc":{"start":{"line":449,"column":8},"end":{"line":451,"column":9}},"type":"if","locations":[{"start":{"line":449,"column":8},"end":{"line":451,"column":9}},{"start":{},"end":{}}],"line":449},"39":{"loc":{"start":{"line":533,"column":15},"end":{"line":533,"column":39}},"type":"binary-expr","locations":[{"start":{"line":533,"column":15},"end":{"line":533,"column":31}},{"start":{"line":533,"column":35},"end":{"line":533,"column":39}}],"line":533},"40":{"loc":{"start":{"line":539,"column":0},"end":{"line":544,"column":1}},"type":"if","locations":[{"start":{"line":539,"column":0},"end":{"line":544,"column":1}},{"start":{},"end":{}}],"line":539}},"s":{"0":2,"1":2,"2":2,"3":2,"4":2,"5":2,"6":2,"7":2,"8":2,"9":2,"10":2,"11":2,"12":2,"13":2,"14":1,"15":1,"16":1,"17":2,"18":2,"19":1,"20":1,"21":1,"22":0,"23":0,"24":0,"25":2,"26":2,"27":1,"28":1,"29":1,"30":2,"31":2,"32":1,"33":1,"34":1,"35":2,"36":2,"37":2,"38":2,"39":1,"40":1,"41":1,"42":2,"43":2,"44":2,"45":0,"46":0,"47":0,"48":0,"49":0,"50":0,"51":2,"52":2,"53":2,"54":2,"55":2,"56":2,"57":2,"58":1,"59":1,"60":1,"61":1,"62":0,"63":2,"64":2,"65":1,"66":1,"67":1,"68":0,"69":1,"70":1,"71":1,"72":0,"73":0,"74":0,"75":0,"76":0,"77":0,"78":0,"79":1,"80":1,"81":0,"82":0,"83":0,"84":0,"85":0,"86":0,"87":0,"88":0,"89":0,"90":0,"91":1,"92":3,"93":3,"94":1,"95":2,"96":2,"97":2,"98":1,"99":1,"100":2,"101":2,"102":2,"103":2,"104":0,"105":2,"106":2,"107":1,"108":1,"109":1,"110":0,"111":1,"112":1,"113":1,"114":1,"115":0,"116":1,"117":1,"118":1,"119":0,"120":0,"121":0,"122":0,"123":0,"124":0,"125":0,"126":0,"127":0,"128":0,"129":0,"130":0,"131":0,"132":0,"133":0,"134":0,"135":0,"136":0,"137":0,"138":0,"139":0,"140":0,"141":0,"142":0,"143":0,"144":0,"145":0,"146":0,"147":0,"148":0,"149":0,"150":0,"151":0,"152":0,"153":0,"154":0,"155":0,"156":0,"157":0,"158":0,"159":0,"160":0,"161":2,"162":2,"163":0,"164":0,"165":0,"166":0,"167":0,"168":0,"169":0,"170":0,"171":0,"172":2,"173":0,"174":0,"175":0},"f":{"0":2,"1":2,"2":0,"3":0,"4":2,"5":2,"6":2,"7":2,"8":2,"9":0,"10":2,"11":2,"12":2,"13":3,"14":2,"15":0,"16":0,"17":0,"18":0,"19":0,"20":0,"21":0,"22":0,"23":0,"24":0},"b":{"0":[1,1],"1":[1,1],"2":[0,0],"3":[0,0],"4":[1,1],"5":[1,1],"6":[1,1],"7":[2,1],"8":[2,1],"9":[0,0],"10":[0,0],"11":[2,0],"12":[2,1],"13":[2,1],"14":[1,0],"15":[1,1],"16":[1,1],"17":[0,1],"18":[0,0],"19":[0,0],"20":[0,0],"21":[0,0],"22":[0,0],"23":[0,0],"24":[0,1],"25":[0,0],"26":[0,0],"27":[1,2],"28":[1,1],"29":[0,2],"30":[2,2],"31":[1,1],"32":[0,1],"33":[1,0],"34":[0,0],"35":[0,0],"36":[0,0],"37":[0,0],"38":[0,0],"39":[0,0],"40":[0,2]},"_coverageSchema":"1a1c01bbd47fc00a2c39e90264f33305004495a9","hash":"36ff008f60c0ea3798d4c3b07428a8045b8f4699"}
}
