TN:
SF:db.js
FN:13,(anonymous_0)
FNF:1
FNH:0
FNDA:0,(anonymous_0)
DA:1,0
DA:2,0
DA:4,0
DA:6,0
DA:13,0
DA:14,0
DA:15,0
DA:18,0
LF:8
LH:0
BRDA:7,0,0,0
BRDA:7,0,1,0
BRDA:10,1,0,0
BRDA:10,1,1,0
BRF:4
BRH:0
end_of_record
TN:
SF:email-config.js
FN:14,(anonymous_0)
FN:89,(anonymous_1)
FN:90,(anonymous_2)
FNF:3
FNH:0
FNDA:0,(anonymous_0)
FNDA:0,(anonymous_1)
FNDA:0,(anonymous_2)
DA:1,1
DA:4,1
DA:5,0
DA:14,1
DA:15,0
DA:17,0
DA:18,0
DA:19,0
DA:20,0
DA:21,0
DA:22,0
DA:25,0
DA:60,0
DA:79,0
DA:88,0
DA:89,0
DA:90,0
DA:93,0
DA:98,0
DA:99,0
DA:101,0
DA:103,0
DA:104,0
DA:109,0
DA:113,1
LF:25
LH:4
BRDA:4,0,0,0
BRDA:4,0,1,1
BRDA:17,1,0,0
BRDA:17,1,1,0
BRDA:17,2,0,0
BRDA:17,2,1,0
BRDA:81,3,0,0
BRDA:81,3,1,0
BRDA:99,4,0,0
BRDA:99,4,1,0
BRDA:99,4,2,0
BRF:11
BRH:1
end_of_record
TN:
SF:index.js
FN:69,(anonymous_0)
FN:82,(anonymous_1)
FN:95,(anonymous_2)
FN:99,(anonymous_3)
FN:107,(anonymous_4)
FN:120,(anonymous_5)
FN:134,(anonymous_6)
FN:140,(anonymous_7)
FN:152,(anonymous_8)
FN:162,(anonymous_9)
FN:179,(anonymous_10)
FN:201,(anonymous_11)
FN:222,(anonymous_12)
FN:301,(anonymous_13)
FN:324,(anonymous_14)
FN:377,(anonymous_15)
FN:434,(anonymous_16)
FN:473,(anonymous_17)
FN:481,(anonymous_18)
FN:487,(anonymous_19)
FN:491,(anonymous_20)
FN:499,(anonymous_21)
FN:511,startServer
FN:534,(anonymous_23)
FN:540,(anonymous_24)
FNF:25
FNH:12
FNDA:2,(anonymous_0)
FNDA:2,(anonymous_1)
FNDA:0,(anonymous_2)
FNDA:0,(anonymous_3)
FNDA:2,(anonymous_4)
FNDA:2,(anonymous_5)
FNDA:2,(anonymous_6)
FNDA:2,(anonymous_7)
FNDA:2,(anonymous_8)
FNDA:0,(anonymous_9)
FNDA:2,(anonymous_10)
FNDA:2,(anonymous_11)
FNDA:2,(anonymous_12)
FNDA:3,(anonymous_13)
FNDA:2,(anonymous_14)
FNDA:0,(anonymous_15)
FNDA:0,(anonymous_16)
FNDA:0,(anonymous_17)
FNDA:0,(anonymous_18)
FNDA:0,(anonymous_19)
FNDA:0,(anonymous_20)
FNDA:0,(anonymous_21)
FNDA:0,startServer
FNDA:0,(anonymous_23)
FNDA:0,(anonymous_24)
DA:1,2
DA:2,2
DA:3,2
DA:4,2
DA:5,2
DA:6,2
DA:7,2
DA:8,2
DA:9,2
DA:10,2
DA:12,2
DA:67,2
DA:70,2
DA:74,2
DA:75,1
DA:76,1
DA:83,2
DA:87,2
DA:88,1
DA:89,1
DA:96,0
DA:99,0
DA:108,2
DA:112,2
DA:113,1
DA:114,1
DA:122,2
DA:123,2
DA:124,1
DA:127,1
DA:134,2
DA:141,2
DA:142,2
DA:144,2
DA:145,1
DA:146,1
DA:148,1
DA:151,2
DA:152,2
DA:164,0
DA:165,0
DA:167,0
DA:168,0
DA:171,0
DA:175,0
DA:180,2
DA:184,2
DA:186,2
DA:190,2
DA:191,2
DA:202,2
DA:203,2
DA:207,1
DA:208,1
DA:215,1
DA:216,1
DA:219,0
DA:224,2
DA:228,2
DA:229,1
DA:233,1
DA:237,1
DA:238,0
DA:241,1
DA:244,1
DA:245,1
DA:251,0
DA:252,0
DA:253,0
DA:254,0
DA:255,0
DA:256,0
DA:260,0
DA:263,1
DA:266,1
DA:267,0
DA:269,0
DA:270,0
DA:271,0
DA:274,0
DA:279,0
DA:280,0
DA:284,0
DA:286,0
DA:290,0
DA:295,1
DA:302,3
DA:307,3
DA:308,1
DA:311,2
DA:313,2
DA:314,2
DA:315,1
DA:318,1
DA:325,2
DA:327,2
DA:328,2
DA:330,2
DA:331,0
DA:335,2
DA:339,2
DA:340,1
DA:344,1
DA:348,1
DA:349,0
DA:353,1
DA:358,1
DA:362,1
DA:366,1
DA:368,0
DA:371,1
DA:373,1
DA:374,1
DA:378,0
DA:380,0
DA:386,0
DA:387,0
DA:388,0
DA:391,0
DA:394,0
DA:395,0
DA:400,0
DA:401,0
DA:402,0
DA:407,0
DA:410,0
DA:413,0
DA:419,0
DA:420,0
DA:421,0
DA:423,0
DA:425,0
DA:428,0
DA:430,0
DA:431,0
DA:435,0
DA:437,0
DA:442,0
DA:443,0
DA:446,0
DA:449,0
DA:450,0
DA:454,0
DA:457,0
DA:462,0
DA:463,0
DA:465,0
DA:466,0
DA:474,0
DA:481,0
DA:487,0
DA:492,0
DA:499,0
DA:508,2
DA:509,2
DA:512,0
DA:513,0
DA:515,0
DA:521,0
DA:523,0
DA:533,0
DA:534,0
DA:535,0
DA:539,2
DA:540,0
DA:541,0
DA:542,0
LF:167
LH:86
BRDA:74,0,0,1
BRDA:74,0,1,1
BRDA:87,1,0,1
BRDA:87,1,1,1
BRDA:102,2,0,0
BRDA:102,2,1,0
BRDA:104,3,0,0
BRDA:104,3,1,0
BRDA:112,4,0,1
BRDA:112,4,1,1
BRDA:123,5,0,1
BRDA:123,5,1,1
BRDA:144,6,0,1
BRDA:144,6,1,1
BRDA:144,7,0,2
BRDA:144,7,1,1
BRDA:159,8,0,2
BRDA:159,8,1,1
BRDA:167,9,0,0
BRDA:167,9,1,0
BRDA:167,10,0,0
BRDA:167,10,1,0
BRDA:184,11,0,2
BRDA:184,11,1,0
BRDA:188,12,0,2
BRDA:188,12,1,1
BRDA:198,13,0,2
BRDA:198,13,1,1
BRDA:215,14,0,1
BRDA:215,14,1,0
BRDA:215,15,0,1
BRDA:215,15,1,1
BRDA:228,16,0,1
BRDA:228,16,1,1
BRDA:237,17,0,0
BRDA:237,17,1,1
BRDA:251,18,0,0
BRDA:251,18,1,0
BRDA:252,19,0,0
BRDA:252,19,1,0
BRDA:253,20,0,0
BRDA:253,20,1,0
BRDA:253,21,0,0
BRDA:253,21,1,0
BRDA:255,22,0,0
BRDA:255,22,1,0
BRDA:255,23,0,0
BRDA:255,23,1,0
BRDA:266,24,0,0
BRDA:266,24,1,1
BRDA:270,25,0,0
BRDA:270,25,1,0
BRDA:279,26,0,0
BRDA:279,26,1,0
BRDA:307,27,0,1
BRDA:307,27,1,2
BRDA:314,28,0,1
BRDA:314,28,1,1
BRDA:330,29,0,0
BRDA:330,29,1,2
BRDA:330,30,0,2
BRDA:330,30,1,2
BRDA:339,31,0,1
BRDA:339,31,1,1
BRDA:348,32,0,0
BRDA:348,32,1,1
BRDA:358,33,0,1
BRDA:358,33,1,0
BRDA:386,34,0,0
BRDA:386,34,1,0
BRDA:394,35,0,0
BRDA:394,35,1,0
BRDA:400,36,0,0
BRDA:400,36,1,0
BRDA:442,37,0,0
BRDA:442,37,1,0
BRDA:449,38,0,0
BRDA:449,38,1,0
BRDA:533,39,0,0
BRDA:533,39,1,0
BRDA:539,40,0,0
BRDA:539,40,1,2
BRF:82
BRH:38
end_of_record
