TN:
SF:db.js
FN:13,(anonymous_0)
FNF:1
FNH:0
FNDA:0,(anonymous_0)
DA:1,1
DA:2,1
DA:4,1
DA:6,1
DA:13,1
DA:14,0
DA:15,0
DA:18,1
LF:8
LH:6
BRDA:7,0,0,0
BRDA:7,0,1,1
BRDA:10,1,0,0
BRDA:10,1,1,1
BRF:4
BRH:2
end_of_record
TN:
SF:email-config.js
FN:14,(anonymous_0)
FN:89,(anonymous_1)
FN:90,(anonymous_2)
FNF:3
FNH:1
FNDA:2,(anonymous_0)
FNDA:0,(anonymous_1)
FNDA:0,(anonymous_2)
DA:1,5
DA:4,5
DA:5,0
DA:14,5
DA:15,2
DA:17,2
DA:18,2
DA:19,2
DA:20,2
DA:21,2
DA:22,2
DA:25,0
DA:60,0
DA:79,0
DA:88,0
DA:89,0
DA:90,0
DA:93,0
DA:98,0
DA:99,0
DA:101,0
DA:103,0
DA:104,0
DA:109,0
DA:113,5
LF:25
LH:11
BRDA:4,0,0,0
BRDA:4,0,1,5
BRDA:17,1,0,2
BRDA:17,1,1,0
BRDA:17,2,0,2
BRDA:17,2,1,1
BRDA:81,3,0,0
BRDA:81,3,1,0
BRDA:99,4,0,0
BRDA:99,4,1,0
BRDA:99,4,2,0
BRF:11
BRH:4
end_of_record
TN:
SF:index.js
FN:69,(anonymous_0)
FN:82,(anonymous_1)
FN:95,(anonymous_2)
FN:99,(anonymous_3)
FN:107,(anonymous_4)
FN:120,(anonymous_5)
FN:134,(anonymous_6)
FN:140,(anonymous_7)
FN:152,(anonymous_8)
FN:162,(anonymous_9)
FN:179,(anonymous_10)
FN:201,(anonymous_11)
FN:222,(anonymous_12)
FN:301,(anonymous_13)
FN:324,(anonymous_14)
FN:377,(anonymous_15)
FN:434,(anonymous_16)
FN:473,(anonymous_17)
FN:481,(anonymous_18)
FN:487,(anonymous_19)
FN:491,(anonymous_20)
FN:499,(anonymous_21)
FN:511,startServer
FN:534,(anonymous_23)
FN:540,(anonymous_24)
FNF:25
FNH:22
FNDA:2,(anonymous_0)
FNDA:2,(anonymous_1)
FNDA:3,(anonymous_2)
FNDA:2,(anonymous_3)
FNDA:2,(anonymous_4)
FNDA:2,(anonymous_5)
FNDA:2,(anonymous_6)
FNDA:3,(anonymous_7)
FNDA:2,(anonymous_8)
FNDA:4,(anonymous_9)
FNDA:2,(anonymous_10)
FNDA:4,(anonymous_11)
FNDA:8,(anonymous_12)
FNDA:3,(anonymous_13)
FNDA:6,(anonymous_14)
FNDA:4,(anonymous_15)
FNDA:3,(anonymous_16)
FNDA:2,(anonymous_17)
FNDA:2,(anonymous_18)
FNDA:1,(anonymous_19)
FNDA:2,(anonymous_20)
FNDA:2,(anonymous_21)
FNDA:0,startServer
FNDA:0,(anonymous_23)
FNDA:0,(anonymous_24)
DA:1,3
DA:2,3
DA:3,3
DA:4,3
DA:5,3
DA:6,3
DA:7,3
DA:8,3
DA:9,3
DA:10,3
DA:12,3
DA:67,3
DA:70,2
DA:74,2
DA:75,1
DA:76,1
DA:83,2
DA:87,2
DA:88,1
DA:89,1
DA:96,3
DA:99,3
DA:108,2
DA:112,2
DA:113,1
DA:114,1
DA:122,2
DA:123,2
DA:124,1
DA:127,1
DA:134,2
DA:141,3
DA:142,3
DA:144,3
DA:145,1
DA:146,1
DA:148,2
DA:151,3
DA:152,3
DA:164,4
DA:165,4
DA:167,4
DA:168,2
DA:171,2
DA:175,2
DA:180,2
DA:184,2
DA:186,2
DA:190,2
DA:191,2
DA:202,4
DA:203,4
DA:207,2
DA:208,2
DA:215,2
DA:216,1
DA:219,1
DA:224,8
DA:228,8
DA:229,1
DA:233,7
DA:237,7
DA:238,1
DA:241,6
DA:244,6
DA:245,6
DA:251,2
DA:252,2
DA:253,2
DA:254,1
DA:255,1
DA:256,1
DA:260,0
DA:263,4
DA:266,4
DA:267,3
DA:269,3
DA:270,3
DA:271,1
DA:274,2
DA:279,2
DA:280,1
DA:284,1
DA:286,1
DA:290,0
DA:295,4
DA:302,3
DA:307,3
DA:308,1
DA:311,2
DA:313,2
DA:314,2
DA:315,1
DA:318,1
DA:325,6
DA:327,6
DA:328,6
DA:330,6
DA:331,2
DA:335,4
DA:339,4
DA:340,1
DA:344,3
DA:348,3
DA:349,1
DA:353,2
DA:358,2
DA:362,1
DA:366,1
DA:368,1
DA:371,2
DA:373,4
DA:374,4
DA:378,4
DA:380,4
DA:386,4
DA:387,1
DA:388,1
DA:391,3
DA:394,3
DA:395,1
DA:400,1
DA:401,1
DA:402,1
DA:407,2
DA:410,2
DA:413,2
DA:419,2
DA:420,2
DA:421,1
DA:423,1
DA:425,1
DA:428,1
DA:430,3
DA:431,3
DA:435,3
DA:437,3
DA:442,3
DA:443,1
DA:446,2
DA:449,2
DA:450,1
DA:454,1
DA:457,1
DA:462,1
DA:463,1
DA:465,2
DA:466,2
DA:474,2
DA:481,2
DA:487,1
DA:492,2
DA:499,2
DA:508,3
DA:509,3
DA:512,0
DA:513,0
DA:515,0
DA:521,0
DA:523,0
DA:533,0
DA:534,0
DA:535,0
DA:539,3
DA:540,0
DA:541,0
DA:542,0
LF:167
LH:154
BRDA:74,0,0,1
BRDA:74,0,1,1
BRDA:87,1,0,1
BRDA:87,1,1,1
BRDA:102,2,0,1
BRDA:102,2,1,1
BRDA:104,3,0,1
BRDA:104,3,1,1
BRDA:112,4,0,1
BRDA:112,4,1,1
BRDA:123,5,0,1
BRDA:123,5,1,1
BRDA:144,6,0,1
BRDA:144,6,1,2
BRDA:144,7,0,3
BRDA:144,7,1,1
BRDA:159,8,0,2
BRDA:159,8,1,1
BRDA:167,9,0,2
BRDA:167,9,1,2
BRDA:167,10,0,4
BRDA:167,10,1,3
BRDA:184,11,0,2
BRDA:184,11,1,0
BRDA:188,12,0,2
BRDA:188,12,1,1
BRDA:198,13,0,2
BRDA:198,13,1,1
BRDA:215,14,0,1
BRDA:215,14,1,1
BRDA:215,15,0,2
BRDA:215,15,1,1
BRDA:228,16,0,1
BRDA:228,16,1,7
BRDA:237,17,0,1
BRDA:237,17,1,6
BRDA:251,18,0,2
BRDA:251,18,1,0
BRDA:252,19,0,2
BRDA:252,19,1,0
BRDA:253,20,0,1
BRDA:253,20,1,1
BRDA:253,21,0,2
BRDA:253,21,1,1
BRDA:255,22,0,1
BRDA:255,22,1,0
BRDA:255,23,0,1
BRDA:255,23,1,0
BRDA:266,24,0,3
BRDA:266,24,1,1
BRDA:270,25,0,1
BRDA:270,25,1,2
BRDA:279,26,0,1
BRDA:279,26,1,1
BRDA:307,27,0,1
BRDA:307,27,1,2
BRDA:314,28,0,1
BRDA:314,28,1,1
BRDA:330,29,0,2
BRDA:330,29,1,4
BRDA:330,30,0,6
BRDA:330,30,1,5
BRDA:339,31,0,1
BRDA:339,31,1,3
BRDA:348,32,0,1
BRDA:348,32,1,2
BRDA:358,33,0,1
BRDA:358,33,1,1
BRDA:386,34,0,1
BRDA:386,34,1,3
BRDA:394,35,0,1
BRDA:394,35,1,2
BRDA:400,36,0,1
BRDA:400,36,1,0
BRDA:442,37,0,1
BRDA:442,37,1,2
BRDA:449,38,0,1
BRDA:449,38,1,1
BRDA:533,39,0,0
BRDA:533,39,1,0
BRDA:539,40,0,0
BRDA:539,40,1,3
BRF:82
BRH:73
end_of_record
